TN:
SF:C:\Users\Nick\Documents\myagile\AgileProject\angular\src\polyfills.ts
FNF:0
FNH:0
LF:0
LH:0
BRF:0
BRH:0
end_of_record
TN:
SF:C:\Users\Nick\Documents\myagile\AgileProject\angular\src\test.ts
FNF:0
FNH:0
DA:13,1
DA:18,1
DA:20,1
LF:3
LH:3
BRF:0
BRH:0
end_of_record
TN:
SF:C:\Users\Nick\Documents\myagile\AgileProject\angular\src\app\ApiService.ts
FN:8,(anonymous_0)
FN:16,(anonymous_1)
FN:32,(anonymous_2)
FN:38,(anonymous_3)
FN:42,(anonymous_4)
FN:52,(anonymous_5)
FN:58,(anonymous_6)
FN:66,(anonymous_7)
FN:72,(anonymous_8)
FN:76,(anonymous_9)
FN:78,(anonymous_10)
FN:84,(anonymous_11)
FNF:12
FNH:2
FNDA:15,(anonymous_0)
FNDA:0,(anonymous_1)
FNDA:0,(anonymous_2)
FNDA:0,(anonymous_3)
FNDA:0,(anonymous_4)
FNDA:0,(anonymous_5)
FNDA:0,(anonymous_6)
FNDA:0,(anonymous_7)
FNDA:0,(anonymous_8)
FNDA:0,(anonymous_9)
FNDA:0,(anonymous_10)
FNDA:4,(anonymous_11)
DA:4,15
DA:8,15
DA:10,15
DA:17,0
DA:21,0
DA:22,0
DA:24,0
DA:25,0
DA:33,0
DA:34,0
DA:36,0
DA:40,0
DA:43,0
DA:53,0
DA:55,0
DA:60,0
DA:62,0
DA:63,0
DA:67,0
DA:73,0
DA:77,0
DA:79,0
DA:86,4
DA:87,0
DA:88,4
DA:89,0
DA:90,0
LF:27
LH:5
BRDA:84,0,0,4
BRDA:86,1,0,0
BRDA:86,1,1,4
BRDA:88,2,0,0
BRDA:88,2,1,4
BRF:5
BRH:3
end_of_record
TN:
SF:C:\Users\Nick\Documents\myagile\AgileProject\angular\src\app\app.component.ts
FN:40,(anonymous_0)
FN:49,(anonymous_1)
FN:62,(anonymous_2)
FN:67,(anonymous_3)
FN:84,(anonymous_4)
FNF:5
FNH:3
FNDA:4,(anonymous_0)
FNDA:6,(anonymous_1)
FNDA:0,(anonymous_2)
FNDA:0,(anonymous_3)
FNDA:1,(anonymous_4)
DA:25,1
DA:27,4
DA:28,4
DA:29,4
DA:30,4
DA:31,4
DA:32,4
DA:33,4
DA:35,4
DA:40,4
DA:42,4
DA:43,4
DA:51,6
DA:52,0
DA:53,0
DA:54,0
DA:57,6
DA:58,6
DA:63,0
DA:68,0
DA:69,0
DA:70,0
DA:71,0
DA:72,0
DA:73,0
DA:77,0
DA:85,1
DA:86,1
DA:89,1
DA:90,1
DA:91,1
DA:92,1
DA:94,1
LF:33
LH:22
BRDA:51,0,0,0
BRDA:51,0,1,6
BRDA:68,1,0,0
BRDA:68,1,1,0
BRDA:72,2,0,0
BRDA:72,2,1,0
BRF:6
BRH:1
end_of_record
TN:
SF:C:\Users\Nick\Documents\myagile\AgileProject\angular\src\app\app.module.ts
FNF:0
FNH:0
DA:50,1
LF:1
LH:1
BRF:0
BRH:0
end_of_record
TN:
SF:C:\Users\Nick\Documents\myagile\AgileProject\angular\src\app\app.routing.ts
FNF:0
FNH:0
DA:13,1
DA:28,1
LF:2
LH:2
BRF:0
BRH:0
end_of_record
TN:
SF:C:\Users\Nick\Documents\myagile\AgileProject\angular\src\app\game-item.service.ts
FN:3,(anonymous_0)
FN:49,(anonymous_1)
FN:53,(anonymous_2)
FNF:3
FNH:1
FNDA:6,(anonymous_0)
FNDA:0,(anonymous_1)
FNDA:0,(anonymous_2)
DA:6,1
DA:7,6
DA:50,0
DA:54,0
LF:4
LH:2
BRF:0
BRH:0
end_of_record
TN:
SF:C:\Users\Nick\Documents\myagile\AgileProject\angular\src\app\providers.ts
FNF:0
FNH:0
DA:3,1
DA:5,1
LF:2
LH:2
BRF:0
BRH:0
end_of_record
TN:
SF:C:\Users\Nick\Documents\myagile\AgileProject\angular\src\app\sold.directive.ts
FN:10,(anonymous_0)
FN:13,(anonymous_1)
FN:17,(anonymous_2)
FNF:3
FNH:0
FNDA:0,(anonymous_0)
FNDA:0,(anonymous_1)
FNDA:0,(anonymous_2)
DA:7,1
DA:8,1
DA:9,1
DA:10,1
DA:11,0
DA:13,1
DA:14,0
DA:17,1
DA:18,0
LF:9
LH:6
BRF:0
BRH:0
end_of_record
TN:
SF:C:\Users\Nick\Documents\myagile\AgileProject\angular\src\app\forum\app.forum.ts
FN:36,(anonymous_0)
FN:43,(anonymous_1)
FN:56,(anonymous_2)
FN:61,(anonymous_3)
FN:77,(anonymous_4)
FN:81,(anonymous_5)
FN:85,(anonymous_6)
FN:91,(anonymous_7)
FN:107,(anonymous_8)
FN:117,(anonymous_9)
FN:119,(anonymous_10)
FN:125,(anonymous_11)
FN:132,(anonymous_12)
FN:157,(anonymous_13)
FN:170,(anonymous_14)
FN:175,(anonymous_15)
FN:178,(anonymous_16)
FN:182,(anonymous_17)
FN:190,(anonymous_18)
FN:199,(anonymous_19)
FN:204,(anonymous_20)
FN:212,(anonymous_21)
FN:219,(anonymous_22)
FN:224,(anonymous_23)
FN:229,(anonymous_24)
FN:254,(anonymous_25)
FN:262,(anonymous_26)
FN:264,(anonymous_27)
FNF:28
FNH:13
FNDA:7,(anonymous_0)
FNDA:7,(anonymous_1)
FNDA:0,(anonymous_2)
FNDA:0,(anonymous_3)
FNDA:10,(anonymous_4)
FNDA:10,(anonymous_5)
FNDA:0,(anonymous_6)
FNDA:10,(anonymous_7)
FNDA:0,(anonymous_8)
FNDA:0,(anonymous_9)
FNDA:0,(anonymous_10)
FNDA:2,(anonymous_11)
FNDA:2,(anonymous_12)
FNDA:2,(anonymous_13)
FNDA:0,(anonymous_14)
FNDA:1,(anonymous_15)
FNDA:1,(anonymous_16)
FNDA:0,(anonymous_17)
FNDA:0,(anonymous_18)
FNDA:0,(anonymous_19)
FNDA:0,(anonymous_20)
FNDA:0,(anonymous_21)
FNDA:0,(anonymous_22)
FNDA:0,(anonymous_23)
FNDA:10,(anonymous_24)
FNDA:1,(anonymous_25)
FNDA:1,(anonymous_26)
FNDA:0,(anonymous_27)
DA:8,1
DA:15,1
DA:22,7
DA:23,7
DA:24,7
DA:25,7
DA:26,7
DA:27,7
DA:28,7
DA:29,7
DA:30,7
DA:31,7
DA:32,7
DA:33,7
DA:36,7
DA:37,7
DA:38,7
DA:39,7
DA:40,7
DA:45,7
DA:46,0
DA:47,0
DA:48,0
DA:51,7
DA:52,7
DA:57,0
DA:62,0
DA:63,0
DA:64,0
DA:65,0
DA:66,0
DA:67,0
DA:68,0
DA:69,0
DA:73,0
DA:78,10
DA:79,10
DA:82,10
DA:87,0
DA:92,10
DA:93,10
DA:94,10
DA:95,78
DA:96,78
DA:97,0
DA:99,78
DA:102,10
DA:103,10
DA:104,10
DA:108,0
DA:109,0
DA:110,0
DA:111,0
DA:118,0
DA:121,0
DA:127,2
DA:128,0
DA:133,2
DA:136,2
DA:137,2
DA:138,2
DA:140,0
DA:141,0
DA:145,2
DA:159,2
DA:161,2
DA:162,1
DA:165,1
DA:167,2
DA:171,0
DA:176,1
DA:179,1
DA:184,0
DA:185,0
DA:186,0
DA:192,0
DA:193,0
DA:194,0
DA:195,0
DA:197,0
DA:201,0
DA:206,0
DA:207,0
DA:213,0
DA:214,0
DA:216,0
DA:217,0
DA:221,0
DA:225,0
DA:226,0
DA:230,10
DA:231,0
DA:232,0
DA:233,0
DA:234,0
DA:235,0
DA:236,0
DA:237,0
DA:240,0
DA:242,0
DA:243,0
DA:244,0
DA:247,10
DA:248,10
DA:249,10
DA:255,1
DA:259,1
DA:260,1
DA:263,1
DA:266,0
LF:110
LH:55
BRDA:45,0,0,0
BRDA:45,0,1,7
BRDA:62,1,0,0
BRDA:62,1,1,0
BRDA:68,2,0,0
BRDA:68,2,1,0
BRDA:96,3,0,0
BRDA:96,3,1,78
BRDA:127,4,0,0
BRDA:127,4,1,2
BRDA:132,5,0,2
BRDA:136,6,0,2
BRDA:136,6,1,0
BRDA:161,7,0,1
BRDA:161,7,1,1
BRDA:193,8,0,0
BRDA:193,8,1,0
BRDA:194,9,0,0
BRDA:194,9,1,0
BRDA:230,10,0,0
BRDA:230,10,1,10
BRDA:235,11,0,0
BRDA:235,11,1,0
BRDA:240,12,0,0
BRDA:240,12,1,0
BRF:25
BRH:8
end_of_record
TN:
SF:C:\Users\Nick\Documents\myagile\AgileProject\angular\src\app\game-item\game-item.component.ts
FN:61,(anonymous_0)
FN:43,(anonymous_1)
FN:47,(anonymous_2)
FN:51,(anonymous_3)
FN:57,(anonymous_4)
FN:70,(anonymous_5)
FN:74,(anonymous_6)
FN:80,(anonymous_7)
FN:84,(anonymous_8)
FN:88,(anonymous_9)
FN:94,(anonymous_10)
FN:113,(anonymous_11)
FN:121,(anonymous_12)
FN:128,(anonymous_13)
FNF:14
FNH:0
FNDA:0,(anonymous_0)
FNDA:0,(anonymous_1)
FNDA:0,(anonymous_2)
FNDA:0,(anonymous_3)
FNDA:0,(anonymous_4)
FNDA:0,(anonymous_5)
FNDA:0,(anonymous_6)
FNDA:0,(anonymous_7)
FNDA:0,(anonymous_8)
FNDA:0,(anonymous_9)
FNDA:0,(anonymous_10)
FNDA:0,(anonymous_11)
FNDA:0,(anonymous_12)
FNDA:0,(anonymous_13)
DA:7,1
DA:16,1
DA:18,0
DA:19,0
DA:25,0
DA:27,0
DA:28,0
DA:29,0
DA:30,0
DA:31,0
DA:37,1
DA:38,1
DA:39,1
DA:40,0
DA:42,0
DA:48,0
DA:49,0
DA:53,0
DA:54,0
DA:61,0
DA:62,0
DA:64,0
DA:65,0
DA:66,0
DA:67,0
DA:71,0
DA:75,0
DA:76,0
DA:81,0
DA:82,0
DA:85,0
DA:90,0
DA:96,0
DA:97,0
DA:98,0
DA:115,0
DA:117,0
DA:118,0
DA:122,0
DA:129,0
LF:40
LH:5
BRDA:75,0,0,0
BRDA:75,0,1,0
BRDA:97,1,0,0
BRDA:97,1,1,0
BRF:4
BRH:0
end_of_record
TN:
SF:C:\Users\Nick\Documents\myagile\AgileProject\angular\src\app\game-item-form\game-item-form.component.ts
FN:23,(anonymous_0)
FN:17,(anonymous_1)
FN:27,(anonymous_2)
FN:41,(anonymous_3)
FNF:4
FNH:2
FNDA:6,(anonymous_0)
FNDA:0,(anonymous_1)
FNDA:6,(anonymous_2)
FNDA:0,(anonymous_3)
DA:12,1
DA:14,1
DA:18,0
DA:19,0
DA:20,0
DA:23,6
DA:24,6
DA:25,6
DA:28,6
DA:42,0
LF:10
LH:6
BRF:0
BRH:0
end_of_record
TN:
SF:C:\Users\Nick\Documents\myagile\AgileProject\angular\src\app\game-item-list\game-item-list.component.ts
FN:21,(anonymous_0)
FN:23,(anonymous_1)
FN:28,(anonymous_2)
FNF:3
FNH:2
FNDA:6,(anonymous_0)
FNDA:0,(anonymous_1)
FNDA:6,(anonymous_2)
DA:9,1
DA:10,1
DA:11,6
DA:24,0
DA:25,0
LF:5
LH:3
BRF:0
BRH:0
end_of_record
TN:
SF:C:\Users\Nick\Documents\myagile\AgileProject\angular\src\app\login\app.login.ts
FN:16,(anonymous_0)
FN:19,(anonymous_1)
FN:29,(anonymous_2)
FN:41,(anonymous_3)
FNF:4
FNH:3
FNDA:3,(anonymous_0)
FNDA:1,(anonymous_1)
FNDA:0,(anonymous_2)
FNDA:1,(anonymous_3)
DA:9,1
DA:10,3
DA:11,3
DA:14,3
DA:16,3
DA:20,1
DA:23,1
DA:31,0
DA:33,0
DA:34,0
DA:35,0
DA:36,0
DA:37,0
DA:42,1
LF:14
LH:8
BRDA:33,0,0,0
BRDA:33,0,1,0
BRF:2
BRH:0
end_of_record
TN:
SF:C:\Users\Nick\Documents\myagile\AgileProject\angular\src\app\main\app.main.ts
FN:35,(anonymous_0)
FN:46,(anonymous_1)
FN:50,(anonymous_2)
FN:56,(anonymous_3)
FN:69,(anonymous_4)
FN:74,(anonymous_5)
FN:88,(anonymous_6)
FN:92,(anonymous_7)
FN:96,(anonymous_8)
FN:102,(anonymous_9)
FN:118,(anonymous_10)
FN:135,(anonymous_11)
FN:141,(anonymous_12)
FN:149,(anonymous_13)
FN:153,(anonymous_14)
FNF:15
FNH:7
FNDA:4,(anonymous_0)
FNDA:4,(anonymous_1)
FNDA:0,(anonymous_2)
FNDA:4,(anonymous_3)
FNDA:0,(anonymous_4)
FNDA:0,(anonymous_5)
FNDA:4,(anonymous_6)
FNDA:4,(anonymous_7)
FNDA:0,(anonymous_8)
FNDA:1,(anonymous_9)
FNDA:0,(anonymous_10)
FNDA:0,(anonymous_11)
FNDA:1,(anonymous_12)
FNDA:0,(anonymous_13)
FNDA:0,(anonymous_14)
DA:7,1
DA:15,1
DA:17,4
DA:18,4
DA:24,4
DA:26,4
DA:27,4
DA:28,4
DA:29,4
DA:30,4
DA:31,4
DA:35,4
DA:36,4
DA:37,4
DA:39,4
DA:40,4
DA:41,4
DA:42,4
DA:43,4
DA:47,4
DA:51,0
DA:52,0
DA:58,4
DA:59,0
DA:60,0
DA:61,0
DA:64,4
DA:65,4
DA:70,0
DA:75,0
DA:76,0
DA:77,0
DA:78,0
DA:79,0
DA:80,0
DA:84,0
DA:89,4
DA:90,4
DA:93,4
DA:98,0
DA:104,1
DA:105,0
DA:120,0
DA:122,0
DA:123,0
DA:124,0
DA:125,0
DA:128,0
DA:129,0
DA:132,0
DA:136,0
DA:142,1
DA:143,1
DA:144,1
DA:145,1
DA:146,1
DA:150,0
DA:154,0
LF:58
LH:32
BRDA:51,0,0,0
BRDA:51,0,1,0
BRDA:58,1,0,0
BRDA:58,1,1,4
BRDA:75,2,0,0
BRDA:75,2,1,0
BRDA:79,3,0,0
BRDA:79,3,1,0
BRDA:104,4,0,0
BRDA:104,4,1,1
BRDA:122,5,0,0
BRDA:122,5,1,0
BRF:12
BRH:2
end_of_record
TN:
SF:C:\Users\Nick\Documents\myagile\AgileProject\angular\src\app\product\product.component.ts
FN:18,(anonymous_0)
FN:20,(anonymous_1)
FNF:2
FNH:2
FNDA:1,(anonymous_0)
FNDA:1,(anonymous_1)
DA:16,1
LF:1
LH:1
BRF:0
BRH:0
end_of_record
TN:
SF:C:\Users\Nick\Documents\myagile\AgileProject\angular\src\app\product-modal\product-modal.component.ts
FN:11,(anonymous_0)
FN:13,(anonymous_1)
FN:16,(anonymous_2)
FNF:3
FNH:2
FNDA:6,(anonymous_0)
FNDA:0,(anonymous_1)
FNDA:6,(anonymous_2)
DA:8,1
DA:9,1
DA:14,0
LF:3
LH:2
BRF:0
BRH:0
end_of_record
TN:
SF:C:\Users\Nick\Documents\myagile\AgileProject\angular\src\app\purchases\app.purchases.ts
FN:33,(anonymous_0)
FN:41,(anonymous_1)
FN:48,(anonymous_2)
FN:53,(anonymous_3)
FN:54,(anonymous_4)
FN:57,(anonymous_5)
FN:64,(anonymous_6)
FN:68,(anonymous_7)
FN:74,(anonymous_8)
FN:87,(anonymous_9)
FN:92,(anonymous_10)
FN:106,(anonymous_11)
FN:110,(anonymous_12)
FN:111,(anonymous_13)
FN:114,(anonymous_14)
FNF:15
FNH:0
FNDA:0,(anonymous_0)
FNDA:0,(anonymous_1)
FNDA:0,(anonymous_2)
FNDA:0,(anonymous_3)
FNDA:0,(anonymous_4)
FNDA:0,(anonymous_5)
FNDA:0,(anonymous_6)
FNDA:0,(anonymous_7)
FNDA:0,(anonymous_8)
FNDA:0,(anonymous_9)
FNDA:0,(anonymous_10)
FNDA:0,(anonymous_11)
FNDA:0,(anonymous_12)
FNDA:0,(anonymous_13)
FNDA:0,(anonymous_14)
DA:6,1
DA:14,1
DA:16,0
DA:17,0
DA:25,0
DA:27,0
DA:30,0
DA:31,0
DA:33,0
DA:34,0
DA:36,0
DA:37,0
DA:38,0
DA:39,0
DA:41,0
DA:42,0
DA:43,0
DA:50,0
DA:51,0
DA:54,0
DA:59,0
DA:65,0
DA:69,0
DA:70,0
DA:76,0
DA:77,0
DA:78,0
DA:79,0
DA:82,0
DA:83,0
DA:88,0
DA:93,0
DA:94,0
DA:95,0
DA:96,0
DA:97,0
DA:98,0
DA:102,0
DA:107,0
DA:108,0
DA:111,0
DA:116,0
LF:42
LH:2
BRDA:42,0,0,0
BRDA:42,0,1,0
BRDA:69,1,0,0
BRDA:69,1,1,0
BRDA:76,2,0,0
BRDA:76,2,1,0
BRDA:93,3,0,0
BRDA:93,3,1,0
BRDA:97,4,0,0
BRDA:97,4,1,0
BRF:10
BRH:0
end_of_record
TN:
SF:C:\Users\Nick\Documents\myagile\AgileProject\angular\src\app\register\app.register.ts
FN:20,(anonymous_0)
FN:23,(anonymous_1)
FN:33,(anonymous_2)
FN:37,(anonymous_3)
FN:63,(anonymous_4)
FN:70,(anonymous_5)
FN:74,(anonymous_6)
FNF:7
FNH:2
FNDA:1,(anonymous_0)
FNDA:2,(anonymous_1)
FNDA:0,(anonymous_2)
FNDA:0,(anonymous_3)
FNDA:0,(anonymous_4)
FNDA:0,(anonymous_5)
FNDA:0,(anonymous_6)
DA:10,1
DA:11,1
DA:12,1
DA:13,1
DA:14,1
DA:15,1
DA:16,1
DA:17,1
DA:18,1
DA:20,1
DA:24,2
DA:25,2
DA:26,2
DA:27,2
DA:30,0
DA:34,0
DA:38,0
DA:39,0
DA:41,0
DA:42,0
DA:43,0
DA:44,0
DA:46,0
DA:47,0
DA:48,0
DA:51,0
DA:65,0
DA:66,0
DA:75,0
LF:29
LH:14
BRDA:26,0,0,2
BRDA:26,0,1,0
BRDA:38,1,0,0
BRDA:38,1,1,0
BRDA:41,2,0,0
BRDA:41,2,1,0
BRDA:46,3,0,0
BRDA:46,3,1,0
BRF:8
BRH:1
end_of_record
TN:
SF:C:\Users\Nick\Documents\myagile\AgileProject\angular\src\app\sales\app.sales.ts
FN:33,(anonymous_0)
FN:41,(anonymous_1)
FN:48,(anonymous_2)
FN:53,(anonymous_3)
FN:54,(anonymous_4)
FN:57,(anonymous_5)
FN:64,(anonymous_6)
FN:68,(anonymous_7)
FN:74,(anonymous_8)
FN:87,(anonymous_9)
FN:92,(anonymous_10)
FN:106,(anonymous_11)
FN:110,(anonymous_12)
FN:111,(anonymous_13)
FN:114,(anonymous_14)
FNF:15
FNH:0
FNDA:0,(anonymous_0)
FNDA:0,(anonymous_1)
FNDA:0,(anonymous_2)
FNDA:0,(anonymous_3)
FNDA:0,(anonymous_4)
FNDA:0,(anonymous_5)
FNDA:0,(anonymous_6)
FNDA:0,(anonymous_7)
FNDA:0,(anonymous_8)
FNDA:0,(anonymous_9)
FNDA:0,(anonymous_10)
FNDA:0,(anonymous_11)
FNDA:0,(anonymous_12)
FNDA:0,(anonymous_13)
FNDA:0,(anonymous_14)
DA:6,1
DA:14,1
DA:16,0
DA:17,0
DA:25,0
DA:27,0
DA:30,0
DA:31,0
DA:33,0
DA:34,0
DA:36,0
DA:37,0
DA:38,0
DA:39,0
DA:41,0
DA:42,0
DA:43,0
DA:50,0
DA:51,0
DA:54,0
DA:59,0
DA:65,0
DA:69,0
DA:70,0
DA:76,0
DA:77,0
DA:78,0
DA:79,0
DA:82,0
DA:83,0
DA:88,0
DA:93,0
DA:94,0
DA:95,0
DA:96,0
DA:97,0
DA:98,0
DA:102,0
DA:107,0
DA:108,0
DA:111,0
DA:116,0
LF:42
LH:2
BRDA:42,0,0,0
BRDA:42,0,1,0
BRDA:69,1,0,0
BRDA:69,1,1,0
BRDA:76,2,0,0
BRDA:76,2,1,0
BRDA:93,3,0,0
BRDA:93,3,1,0
BRDA:97,4,0,0
BRDA:97,4,1,0
BRF:10
BRH:0
end_of_record
